<?xml version="1.0" encoding="UTF-8"?>
<!-- Generated by org.testng.reporters.JUnitReportReporter -->
<testsuite hostname="FacundoDesktop" failures="0" tests="1" name="WikiTests1" time="8.730" errors="0" timestamp="2022-05-11T09:12:32 ART" skipped="0">
  <testcase classname="WikiTests1" name="ValidarBusquedaWikipedia" time="8.730"/>
  <system-out/>
</testsuite> <!-- WikiTests1 -->
