<?xml version="1.0" encoding="UTF-8"?>
<!-- Generated by org.testng.reporters.JUnitReportReporter -->
<testsuite hostname="FacundoDesktop" failures="0" tests="1" name="DespegarTest" time="14.700" errors="0" timestamp="2022-05-31T10:46:28 ART" skipped="0">
  <testcase classname="DespegarTest" name="ValidarSeleccionDespegar" time="14.700"/>
  <system-out/>
</testsuite> <!-- DespegarTest -->
