<?xml version="1.0" encoding="UTF-8"?>
<!-- Generated by org.testng.reporters.JUnitReportReporter -->
<testsuite hostname="FacundoDesktop" failures="0" tests="1" name="DespegarTest" time="30.867" errors="0" timestamp="2022-05-23T09:39:21 ART" skipped="0">
  <testcase classname="DespegarTest" name="ValidarSeleccionDespegar" time="30.867"/>
  <system-out/>
</testsuite> <!-- DespegarTest -->
