<?xml version="1.0" encoding="UTF-8"?>
<!-- Generated by org.testng.reporters.JUnitReportReporter -->
<testsuite hostname="FacundoDesktop" failures="0" tests="1" name="com.selenium.test1.DespegarTest" time="14.157" errors="0" timestamp="2022-06-06T20:40:03 ART" skipped="0">
  <testcase classname="com.selenium.test1.DespegarTest" name="testHome" time="14.157"/>
  <system-out/>
</testsuite> <!-- com.selenium.test1.DespegarTest -->
